<?xml version="1.0" encoding="UTF-8"?>
<testng-results ignored="0" total="1" passed="1" failed="0" skipped="0">
  <reporter-output>
    <line>
      <![CDATA[**********Browser Session Started***********]]>
    </line>
  </reporter-output>
  <suite started-at="2024-01-18T16:50:34 IST" name="Default suite" finished-at="2024-01-18T16:50:49 IST" duration-ms="15059">
    <groups>
      <group name="All">
        <method signature="CIC_info.cic_click()[pri:0, instance:com.bushidolight.testCases.CIC_info@33d512c1]" name="cic_click" class="com.bushidolight.testCases.CIC_info"/>
      </group> <!-- All -->
    </groups>
    <test started-at="2024-01-18T16:50:34 IST" name="Default test" finished-at="2024-01-18T16:50:49 IST" duration-ms="15059">
      <class name="com.bushidolight.testCases.CIC_info">
        <test-method is-config="true" signature="setup(java.lang.String,java.lang.String,java.lang.String)[pri:0, instance:com.bushidolight.testCases.CIC_info@33d512c1]" started-at="2024-01-18T16:50:34 IST" name="setup" finished-at="2024-01-18T16:50:42 IST" duration-ms="8745" status="PASS">
          <params>
            <param index="0">
              <value>
                <![CDATA[dev]]>
              </value>
            </param>
            <param index="1">
              <value>
                <![CDATA[poonam.meshram@geeconsystems.com]]>
              </value>
            </param>
            <param index="2">
              <value>
                <![CDATA[healthy12345]]>
              </value>
            </param>
          </params>
          <reporter-output>
            <line>
              <![CDATA[**********Browser Session Started***********]]>
            </line>
          </reporter-output>
        </test-method> <!-- setup -->
        <test-method signature="cic_click()[pri:0, instance:com.bushidolight.testCases.CIC_info@33d512c1]" started-at="2024-01-18T16:50:42 IST" name="cic_click" finished-at="2024-01-18T16:50:49 IST" duration-ms="6277" status="PASS">
          <reporter-output>
          </reporter-output>
        </test-method> <!-- cic_click -->
      </class> <!-- com.bushidolight.testCases.CIC_info -->
    </test> <!-- Default test -->
  </suite> <!-- Default suite -->
</testng-results>
