<?xml version="1.0" encoding="UTF-8"?>
<testng-results ignored="0" total="1" passed="0" failed="1" skipped="0">
  <reporter-output>
    <line>
      <![CDATA[**********Browser Session Started***********]]>
    </line>
  </reporter-output>
  <suite started-at="2024-01-16T15:22:58 IST" name="Default suite" finished-at="2024-01-16T15:23:01 IST" duration-ms="3526">
    <groups>
      <group name="All">
        <method signature="Useful_Links.use_links()[pri:0, instance:com.bushidolight.testCases.Useful_Links@33d512c1]" name="use_links" class="com.bushidolight.testCases.Useful_Links"/>
      </group> <!-- All -->
    </groups>
    <test started-at="2024-01-16T15:22:58 IST" name="Default test" finished-at="2024-01-16T15:23:01 IST" duration-ms="3526">
      <class name="com.bushidolight.testCases.Useful_Links">
        <test-method is-config="true" signature="setup(java.lang.String,java.lang.String,java.lang.String)[pri:0, instance:com.bushidolight.testCases.Useful_Links@33d512c1]" started-at="2024-01-16T15:22:58 IST" name="setup" finished-at="2024-01-16T15:23:01 IST" duration-ms="3454" status="PASS">
          <params>
            <param index="0">
              <value>
                <![CDATA[dev]]>
              </value>
            </param>
            <param index="1">
              <value>
                <![CDATA[poonam.meshram@geeconsystems.com]]>
              </value>
            </param>
            <param index="2">
              <value>
                <![CDATA[healthy12345]]>
              </value>
            </param>
          </params>
          <reporter-output>
            <line>
              <![CDATA[**********Browser Session Started***********]]>
            </line>
          </reporter-output>
        </test-method> <!-- setup -->
        <test-method signature="use_links()[pri:0, instance:com.bushidolight.testCases.Useful_Links@33d512c1]" started-at="2024-01-16T15:23:01 IST" name="use_links" finished-at="2024-01-16T15:23:01 IST" duration-ms="13" status="FAIL">
          <exception class="java.lang.NullPointerException">
            <message>
              <![CDATA[Cannot invoke "org.openqa.selenium.WebDriver.findElement(org.openqa.selenium.By)" because "com.bushidolight.testCases.Useful_Links.driver" is null]]>
            </message>
            <full-stacktrace>
              <![CDATA[java.lang.NullPointerException: Cannot invoke "org.openqa.selenium.WebDriver.findElement(org.openqa.selenium.By)" because "com.bushidolight.testCases.Useful_Links.driver" is null
at com.bushidolight.testCases.Useful_Links.use_links(Useful_Links.java:21)
at java.base/jdk.internal.reflect.DirectMethodHandleAccessor.invoke(DirectMethodHandleAccessor.java:104)
at java.base/java.lang.reflect.Method.invoke(Method.java:577)
at org.testng.internal.invokers.MethodInvocationHelper.invokeMethod(MethodInvocationHelper.java:139)
at org.testng.internal.invokers.TestInvoker.invokeMethod(TestInvoker.java:677)
at org.testng.internal.invokers.TestInvoker.invokeTestMethod(TestInvoker.java:221)
at org.testng.internal.invokers.MethodRunner.runInSequence(MethodRunner.java:50)
at org.testng.internal.invokers.TestInvoker$MethodInvocationAgent.invoke(TestInvoker.java:969)
at org.testng.internal.invokers.TestInvoker.invokeTestMethods(TestInvoker.java:194)
at org.testng.internal.invokers.TestMethodWorker.invokeTestMethods(TestMethodWorker.java:148)
at org.testng.internal.invokers.TestMethodWorker.run(TestMethodWorker.java:128)
at java.base/java.util.ArrayList.forEach(ArrayList.java:1511)
at org.testng.TestRunner.privateRun(TestRunner.java:829)
at org.testng.TestRunner.run(TestRunner.java:602)
at org.testng.SuiteRunner.runTest(SuiteRunner.java:437)
at org.testng.SuiteRunner.runSequentially(SuiteRunner.java:431)
at org.testng.SuiteRunner.privateRun(SuiteRunner.java:391)
at org.testng.SuiteRunner.run(SuiteRunner.java:330)
at org.testng.SuiteRunnerWorker.runSuite(SuiteRunnerWorker.java:52)
at org.testng.SuiteRunnerWorker.run(SuiteRunnerWorker.java:95)
at org.testng.TestNG.runSuitesSequentially(TestNG.java:1256)
at org.testng.TestNG.runSuitesLocally(TestNG.java:1176)
at org.testng.TestNG.runSuites(TestNG.java:1099)
at org.testng.TestNG.run(TestNG.java:1067)
at org.testng.remote.AbstractRemoteTestNG.run(AbstractRemoteTestNG.java:115)
at org.testng.remote.RemoteTestNG.initAndRun(RemoteTestNG.java:251)
at org.testng.remote.RemoteTestNG.main(RemoteTestNG.java:77)
]]>
            </full-stacktrace>
          </exception> <!-- java.lang.NullPointerException -->
          <reporter-output>
          </reporter-output>
        </test-method> <!-- use_links -->
      </class> <!-- com.bushidolight.testCases.Useful_Links -->
    </test> <!-- Default test -->
  </suite> <!-- Default suite -->
</testng-results>
